<?xml version="1.0" encoding="UTF-8"?>
<!-- Generated by org.testng.reporters.JUnitReportReporter -->
<testsuite hostname="ATLANTISPC-274" name="com.qtpselenium.suiteC.TestCase_C2" tests="1" failures="0" timestamp="17 Sep 2015 12:57:50 GMT" time="0.001" errors="0">
  <testcase name="testCaseC2" time="0.001" classname="com.qtpselenium.suiteC.TestCase_C2"/>
</testsuite> <!-- com.qtpselenium.suiteC.TestCase_C2 -->
