<?xml version="1.0" encoding="UTF-8"?>
<!-- Generated by org.testng.reporters.JUnitReportReporter -->
<testsuite hostname="ATLANTISPC-274" name="com.qtpselenium.suiteA.TestCase_A2" tests="2" failures="0" timestamp="16 Sep 2015 14:44:06 GMT" time="0.004" errors="0">
  <testcase name="testCaseA2" time="0.003" classname="com.qtpselenium.suiteA.TestCase_A2"/>
  <testcase name="testCaseA2" time="0.001" classname="com.qtpselenium.suiteA.TestCase_A2"/>
</testsuite> <!-- com.qtpselenium.suiteA.TestCase_A2 -->
